[debug] [2021-11-14T09:25:22.539Z] ----------------------------------------------------------------------
[debug] [2021-11-14T09:25:22.541Z] Command:       C:\Program Files\nodejs\node.exe C:\Users\Asus\AppData\Roaming\npm\node_modules\firebase-tools\lib\bin\firebase.js init
[debug] [2021-11-14T09:25:22.542Z] CLI Version:   9.22.0
[debug] [2021-11-14T09:25:22.542Z] Platform:      win32
[debug] [2021-11-14T09:25:22.542Z] Node Version:  v16.13.0
[debug] [2021-11-14T09:25:22.543Z] Time:          Sun Nov 14 2021 15:25:22 GMT+0600 (Bangladesh Standard Time)
[debug] [2021-11-14T09:25:22.543Z] ----------------------------------------------------------------------
[debug] 
[debug] [2021-11-14T09:25:22.545Z] >>> [apiv2][query] GET https://firebase-public.firebaseio.com/cli.json [none]
[debug] [2021-11-14T09:25:22.567Z] > command requires scopes: ["email","openid","https://www.googleapis.com/auth/cloudplatformprojects.readonly","https://www.googleapis.com/auth/firebase","https://www.googleapis.com/auth/cloud-platform"]
[debug] [2021-11-14T09:25:22.567Z] > authorizing via signed-in user (noman.programminghero@gmail.com)
[info] 
     ######## #### ########  ######## ########     ###     ######  ########
     ##        ##  ##     ## ##       ##     ##  ##   ##  ##       ##
     ######    ##  ########  ######   ########  #########  ######  ######
     ##        ##  ##    ##  ##       ##     ## ##     ##       ## ##
     ##       #### ##     ## ######## ########  ##     ##  ######  ########

You're about to initialize a Firebase project in this directory:

  E:\Web Developments\Partice Projects\Node Mongo Server\nish-website-assignment-twelve\client

[debug] [2021-11-14T09:25:23.656Z] <<< [apiv2][status] GET https://firebase-public.firebaseio.com/cli.json 200
[debug] [2021-11-14T09:25:23.657Z] <<< [apiv2][body] GET https://firebase-public.firebaseio.com/cli.json {"cloudBuildErrorAfter":1594252800000,"cloudBuildWarnAfter":1590019200000,"defaultNode10After":1594252800000,"minVersion":"3.0.5","node8DeploysDisabledAfter":1613390400000,"node8RuntimeDisabledAfter":1615809600000,"node8WarnAfter":1600128000000}
[info] 
=== Project Setup
[info] 
[info] First, let's associate this project directory with a Firebase project.
[info] You can create multiple project aliases by running firebase use --add, 
[info] but for now we'll just set up a default project.
[info] 
[debug] [2021-11-14T09:25:39.540Z] > refreshing access token with scopes: []
[debug] [2021-11-14T09:25:39.540Z] >>> HTTP REQUEST POST https://www.googleapis.com/oauth2/v3/token  
 <request body omitted>
[debug] [2021-11-14T09:25:39.781Z] <<< HTTP RESPONSE 200 {"date":"Sun, 14 Nov 2021 09:25:40 GMT","expires":"Mon, 01 Jan 1990 00:00:00 GMT","pragma":"no-cache","cache-control":"no-cache, no-store, max-age=0, must-revalidate","content-type":"application/json; charset=utf-8","vary":"X-Origin, Referer, Origin,Accept-Encoding","server":"scaffolding on HTTPServer2","x-xss-protection":"0","x-frame-options":"SAMEORIGIN","x-content-type-options":"nosniff","alt-svc":"clear","accept-ranges":"none","transfer-encoding":"chunked"}
[debug] [2021-11-14T09:25:39.799Z] >>> [apiv2][query] GET https://firebase.googleapis.com/v1beta1/projects pageSize=100
[debug] [2021-11-14T09:25:40.531Z] <<< [apiv2][status] GET https://firebase.googleapis.com/v1beta1/projects 200
[debug] [2021-11-14T09:25:40.531Z] <<< [apiv2][body] GET https://firebase.googleapis.com/v1beta1/projects [omitted]
